Added Component: Designator=C8(0603)
Add component. Clean all parameters for all variants
Add component (AddParameter): Name = "Supplier 1"; Value = "Digi-Key"; VariantName = "[No Variations]"
Add component (AddParameter): Name = "Supplier 2"; Value = "Digi-Key"; VariantName = "[No Variations]"
Add component (AddParameter): Name = "Supplier 3"; Value = "Digi-Key"; VariantName = "[No Variations]"
Add component (AddParameter): Name = "Supplier 4"; Value = "Digi-Key"; VariantName = "[No Variations]"
Add component (AddParameter): Name = "Supplier 5"; Value = "Digi-Key"; VariantName = "[No Variations]"
Add component (AddParameter): Name = "Supplier 6"; Value = "Digi-Key"; VariantName = "[No Variations]"
Add component (AddParameter): Name = "Supplier 7"; Value = "Digi-Key"; VariantName = "[No Variations]"
Add component (AddParameter): Name = "Supplier 8"; Value = "Digi-Key"; VariantName = "[No Variations]"
Add component (AddParameter): Name = "Supplier 9"; Value = "Digi-Key"; VariantName = "[No Variations]"
Add component (AddParameter): Name = "Supplier 10"; Value = "Digi-Key"; VariantName = "[No Variations]"
Add component (AddParameter): Name = "Supplier 11"; Value = "Digi-Key"; VariantName = "[No Variations]"
Add component (AddParameter): Name = "Supplier 12"; Value = "Digi-Key"; VariantName = "[No Variations]"
Add component (AddParameter): Name = "Supplier 13"; Value = "Digi-Key"; VariantName = "[No Variations]"
Add component (AddParameter): Name = "Supplier Part Number 1"; Value = "1276-2044-1-ND"; VariantName = "[No Variations]"
Add component (AddParameter): Name = "Supplier Part Number 2"; Value = "1276-1018-1-ND"; VariantName = "[No Variations]"
Add component (AddParameter): Name = "Supplier Part Number 3"; Value = "1276-1182-1-ND"; VariantName = "[No Variations]"
Add component (AddParameter): Name = "Supplier Part Number 4"; Value = "1276-1009-1-ND"; VariantName = "[No Variations]"
Add component (AddParameter): Name = "Supplier Part Number 5"; Value = "1276-1098-1-ND"; VariantName = "[No Variations]"
Add component (AddParameter): Name = "Supplier Part Number 6"; Value = "1276-1119-1-ND"; VariantName = "[No Variations]"
Add component (AddParameter): Name = "Supplier Part Number 7"; Value = "490-12737-1-ND"; VariantName = "[No Variations]"
Add component (AddParameter): Name = "Supplier Part Number 8"; Value = "1276-1183-1-ND"; VariantName = "[No Variations]"
Add component (AddParameter): Name = "Supplier Part Number 9"; Value = "587-1249-1-ND"; VariantName = "[No Variations]"
Add component (AddParameter): Name = "Supplier Part Number 10"; Value = "1276-CL10B104KB8NNNLCT-ND"; VariantName = "[No Variations]"
Add component (AddParameter): Name = "Supplier Part Number 11"; Value = "399-1085-1-ND"; VariantName = "[No Variations]"
Add component (AddParameter): Name = "Supplier Part Number 12"; Value = "1276-1021-1-ND"; VariantName = "[No Variations]"
Add component (AddParameter): Name = "Supplier Part Number 13"; Value = "587-2985-1-ND"; VariantName = "[No Variations]"
Added Component: Designator=C9(0603)
Add component. Clean all parameters for all variants
Add component (AddParameter): Name = "Supplier 1"; Value = "Digi-Key"; VariantName = "[No Variations]"
Add component (AddParameter): Name = "Supplier 2"; Value = "Digi-Key"; VariantName = "[No Variations]"
Add component (AddParameter): Name = "Supplier 3"; Value = "Digi-Key"; VariantName = "[No Variations]"
Add component (AddParameter): Name = "Supplier 4"; Value = "Digi-Key"; VariantName = "[No Variations]"
Add component (AddParameter): Name = "Supplier 5"; Value = "Digi-Key"; VariantName = "[No Variations]"
Add component (AddParameter): Name = "Supplier 6"; Value = "Digi-Key"; VariantName = "[No Variations]"
Add component (AddParameter): Name = "Supplier 7"; Value = "Digi-Key"; VariantName = "[No Variations]"
Add component (AddParameter): Name = "Supplier 8"; Value = "Digi-Key"; VariantName = "[No Variations]"
Add component (AddParameter): Name = "Supplier 9"; Value = "Digi-Key"; VariantName = "[No Variations]"
Add component (AddParameter): Name = "Supplier 10"; Value = "Digi-Key"; VariantName = "[No Variations]"
Add component (AddParameter): Name = "Supplier 11"; Value = "Digi-Key"; VariantName = "[No Variations]"
Add component (AddParameter): Name = "Supplier 12"; Value = "Digi-Key"; VariantName = "[No Variations]"
Add component (AddParameter): Name = "Supplier 13"; Value = "Digi-Key"; VariantName = "[No Variations]"
Add component (AddParameter): Name = "Supplier Part Number 1"; Value = "1276-2044-1-ND"; VariantName = "[No Variations]"
Add component (AddParameter): Name = "Supplier Part Number 2"; Value = "1276-1018-1-ND"; VariantName = "[No Variations]"
Add component (AddParameter): Name = "Supplier Part Number 3"; Value = "1276-1182-1-ND"; VariantName = "[No Variations]"
Add component (AddParameter): Name = "Supplier Part Number 4"; Value = "1276-1009-1-ND"; VariantName = "[No Variations]"
Add component (AddParameter): Name = "Supplier Part Number 5"; Value = "1276-1098-1-ND"; VariantName = "[No Variations]"
Add component (AddParameter): Name = "Supplier Part Number 6"; Value = "1276-1119-1-ND"; VariantName = "[No Variations]"
Add component (AddParameter): Name = "Supplier Part Number 7"; Value = "490-12737-1-ND"; VariantName = "[No Variations]"
Add component (AddParameter): Name = "Supplier Part Number 8"; Value = "1276-1183-1-ND"; VariantName = "[No Variations]"
Add component (AddParameter): Name = "Supplier Part Number 9"; Value = "587-1249-1-ND"; VariantName = "[No Variations]"
Add component (AddParameter): Name = "Supplier Part Number 10"; Value = "1276-CL10B104KB8NNNLCT-ND"; VariantName = "[No Variations]"
Add component (AddParameter): Name = "Supplier Part Number 11"; Value = "399-1085-1-ND"; VariantName = "[No Variations]"
Add component (AddParameter): Name = "Supplier Part Number 12"; Value = "1276-1021-1-ND"; VariantName = "[No Variations]"
Add component (AddParameter): Name = "Supplier Part Number 13"; Value = "587-2985-1-ND"; VariantName = "[No Variations]"
Added Component: Designator=Reg2(SOT223)
Add component. Clean all parameters for all variants
Added Pin To Net: NetName=HV_GND Pin=C8-1
Added Pin To Net: NetName=+24V Pin=C8-2
Added Pin To Net: NetName=HV_GND Pin=C9-1
Added Pin To Net: NetName=+5V Pin=C9-2
Added Pin To Net: NetName=HV_GND Pin=Reg2-1
Added Pin To Net: NetName=+5V Pin=Reg2-2
Added Pin To Net: NetName=+5V Pin=Reg2-2
Added Pin To Net: NetName=+24V Pin=Reg2-3
Change Net Name : Old Net Name=NetP?_2 New Net Name=NetJ4_2
Change Net Name : Old Net Name=NetP?_3 New Net Name=NetJ4_3
Added Member To Class: ClassName=UD3c bootstrap output Member=Component C8 100nF
Added Member To Class: ClassName=UD3c bootstrap output Member=Component C9 100nF
Added Member To Class: ClassName=UD3c bootstrap output Member=Component Reg2 5V
